This is pdfTeX, Version 3.14159-1.00b-pretest-20020211 (Web2C 7.3.7x) (format=pdflatex 2002.8.31)  5 SEP 2002 09:31
**clavier_gen
(./clavier_gen.tex{/usr/local/teTeX/share/texmf.local/pdftex/config/pdftex.cfg}
LaTeX2e <2001/06/01>
Babel <v3.7h> and hyphenation patterns for american, french, german, ngerman, d
utch, nohyphenation, loaded.
(/usr/local/teTeX/share/texmf/tex/latex/base/article.cls
Document Class: article 2001/04/21 v1.4e Standard LaTeX document class
(/usr/local/teTeX/share/texmf/tex/latex/base/size10.clo
File: size10.clo 2001/04/21 v1.4e Standard LaTeX file (size option)
)
\c@part=\count79
\c@section=\count80
\c@subsection=\count81
\c@subsubsection=\count82
\c@paragraph=\count83
\c@subparagraph=\count84
\c@figure=\count85
\c@table=\count86
\abovecaptionskip=\skip41
\belowcaptionskip=\skip42
\bibindent=\dimen102
)
No auxiliary output files.

(/usr/local/teTeX/share/texmf/tex/latex/base/latexsym.sty
Package: latexsym 1998/08/17 v2.2e Standard LaTeX package (lasy symbols)
\symlasy=\mathgroup4
LaTeX Font Info:    Overwriting symbol font `lasy' in version `bold'
(Font)                  U/lasy/m/n --> U/lasy/b/n on input line 42.
)
(/Users/francisd/Library/texmf/tex/latex/UPS/amsmath.sty
Package: amsmath 1997/03/20 v1.2d AMS math features
\@mathmargin=\skip43

(/usr/local/teTeX/share/texmf/tex/latex/amsmath/amstext.sty
Package: amstext 2000/06/29 v2.01

(/usr/local/teTeX/share/texmf/tex/latex/amsmath/amsgen.sty
File: amsgen.sty 1999/11/30 v2.0
\@emptytoks=\toks14
\ex@=\dimen103
))
(/usr/local/teTeX/share/texmf/tex/latex/amsmath/amsbsy.sty
Package: amsbsy 1999/11/29 v1.2d
\pmbraise@=\dimen104
)
(/usr/local/teTeX/share/texmf/tex/latex/amsmath/amsopn.sty
Package: amsopn 1999/12/14 v2.01 operator names
)
LaTeX Info: Redefining \frac on input line 188.
\uproot@=\count87
\leftroot@=\count88
\classnum@=\count89
\DOTSCASE@=\count90
LaTeX Info: Redefining \dots on input line 335.
LaTeX Info: Redefining \ldots on input line 418.
LaTeX Info: Redefining \cdots on input line 422.
\Mathstrutbox@=\box26
\strutbox@=\box27
\big@size=\dimen105
LaTeX Font Info:    Redeclaring font encoding OML on input line 500.
LaTeX Font Info:    Redeclaring font encoding OMS on input line 501.
\skewcharcount@=\count91
\familycount@=\count92
\pointcount@=\count93
\accentdimen@=\dimen106
\accentmu@=\count94
\minaw@=\dimen107
\c@MaxMatrixCols=\count95
\dotsspace@=\muskip10
\c@parentequation=\count96
\dspbrk@lvl=\count97
\tag@help=\toks15
\row@=\count98
\column@=\count99
\maxfields@=\count100
\andhelp@=\toks16
\eqnshift@=\dimen108
\alignsep@=\dimen109
\tagshift@=\dimen110
\tagwidth@=\dimen111
\totwidth@=\dimen112
\lineht@=\dimen113
\@envbody=\toks17
\multlinegap=\skip44
\multlinetaggap=\skip45
)
(/Users/francisd/Library/texmf/tex/latex/UPS/amssymb.sty
Package: amssymb 1996/11/03 v2.2b

(/usr/local/teTeX/share/texmf/tex/latex/amsfonts/amsfonts.sty
Package: amsfonts 2001/10/25 v2.2f
LaTeX Font Info:    Try loading font information for OMX+cmex on input line 76.


(/usr/local/teTeX/share/texmf/tex/latex/base/omxcmex.fd
File: omxcmex.fd 1999/05/25 v2.5h Standard LaTeX font definitions
)
\symAMSa=\mathgroup5
\symAMSb=\mathgroup6
LaTeX Font Info:    Overwriting math alphabet `\mathfrak' in version `bold'
(Font)                  U/euf/m/n --> U/euf/b/n on input line 132.
))
(/Users/francisd/Library/texmf/tex/latex/UPS/inputenc.sty beta test version
Package: inputenc 1997/05/10 v0.9z Input encoding file (test version: still lia
ble to change)

(/usr/local/teTeX/share/texmf/tex/latex/base/applemac.def
File: applemac.def 2001/07/10 v0.99a Input encoding file 
))
(/usr/local/teTeX/share/texmf/tex/latex/graphics/lscape.sty
Package: lscape 2000/10/22 v3.01 Landscape Pages (DPC)

(/Users/francisd/Library/texmf/tex/latex/UPS/graphics.sty
Package: graphics 1997/06/07 v1.0d Standard LaTeX Graphics (DPC,SPQR)

(/usr/local/teTeX/share/texmf/tex/latex/graphics/trig.sty
Package: trig 1999/03/16 v1.09 sin cos tan (DPC)
)
(/usr/local/teTeX/share/texmf/tex/latex/config/graphics.cfg
File: graphics.cfg 2001/08/31 v1.1 graphics configuration of teTeX/TeXLive
)
Package graphics Info: Driver file: pdftex.def on input line 84.

(/usr/local/teTeX/share/texmf/tex/latex/graphics/pdftex.def
File: pdftex.def 2001/11/29 v0.03i graphics/color for pdftex
\Gread@gobject=\count101
)))
(/usr/local/teTeX/share/texmf/tex/latex/graphics/color.sty
Package: color 1999/02/16 v1.0i Standard LaTeX Color (DPC)

(/usr/local/teTeX/share/texmf/tex/latex/config/color.cfg
File: color.cfg 2001/08/31 v1.1 color configuration of teTeX/TeXLive
)
Package color Info: Driver file: pdftex.def on input line 125.

(/usr/local/teTeX/share/texmf/tex/latex/graphics/dvipsnam.def
File: dvipsnam.def 1999/02/16 v3.0i Driver-dependant file (DPC,SPQR)
))
No file clavier_gen.aux.
LaTeX Font Info:    Checking defaults for OML/cmm/m/it on input line 22.
LaTeX Font Info:    ... okay on input line 22.
LaTeX Font Info:    Checking defaults for T1/cmr/m/n on input line 22.
LaTeX Font Info:    ... okay on input line 22.
LaTeX Font Info:    Checking defaults for OT1/cmr/m/n on input line 22.
LaTeX Font Info:    ... okay on input line 22.
LaTeX Font Info:    Checking defaults for OMS/cmsy/m/n on input line 22.
LaTeX Font Info:    ... okay on input line 22.
LaTeX Font Info:    Checking defaults for OMX/cmex/m/n on input line 22.
LaTeX Font Info:    ... okay on input line 22.
LaTeX Font Info:    Checking defaults for U/cmr/m/n on input line 22.
LaTeX Font Info:    ... okay on input line 22.
(/usr/local/teTeX/share/texmf/tex/context/base/supp-pdf.tex
(/usr/local/teTeX/share/texmf/tex/context/base/supp-mis.tex
loading : Context Support Macros / Missing
\protectiondepth=\count102
\scratchcounter=\count103
\scratchtoks=\toks18
\scratchdimen=\dimen114
\scratchskip=\skip46
\scratchmuskip=\muskip11
\scratchbox=\box28
\scratchread=\read1
\scratchwrite=\write3
\zeropoint=\dimen115
\nextbox=\box29
\nextdepth=\dimen116
\everyline=\toks19
\!!counta=\count104
\!!countb=\count105
\recursecounter=\count106
)
loading : Context Support Macros / PDF
\nofMPsegments=\count107
\nofMParguments=\count108
\everyMPtoPDFconversion=\toks20
)
LaTeX Font Info:    External font `cmex10' loaded for size
(Font)              <10> on input line 553.
LaTeX Font Info:    External font `cmex10' loaded for size
(Font)              <7> on input line 553.
LaTeX Font Info:    External font `cmex10' loaded for size
(Font)              <5> on input line 553.
LaTeX Font Info:    Try loading font information for U+lasy on input line 553.
 (/usr/local/teTeX/share/texmf/tex/latex/base/ulasy.fd
File: ulasy.fd 1998/08/17 v2.2e LaTeX symbol font definitions
)
LaTeX Font Info:    Try loading font information for U+msa on input line 553.

(/usr/local/teTeX/share/texmf/tex/latex/amsfonts/umsa.fd
File: umsa.fd 2002/01/19 v2.2g AMS font definitions
)
LaTeX Font Info:    Try loading font information for U+msb on input line 553.

(/usr/local/teTeX/share/texmf/tex/latex/amsfonts/umsb.fd
File: umsb.fd 2002/01/19 v2.2g AMS font definitions
)
Overfull \hbox (3.61913pt too wide) in paragraph at lines 561--561
[]$/cmsy10/f[]g$| 
 []

LaTeX Font Info:    External font `cmex10' loaded for size
(Font)              <24.88> on input line 561.
LaTeX Font Info:    External font `cmex10' loaded for size
(Font)              <20.74> on input line 561.
LaTeX Font Info:    External font `cmex10' loaded for size
(Font)              <17.28> on input line 561.

Overfull \hbox (13.71631pt too wide) in paragraph at lines 564--564
[]/cmr10/cGrec| 
 []


Overfull \hbox (10.42468pt too wide) in paragraph at lines 564--564
[]/cmr10/cEnv| 
 []


Overfull \hbox (4.73027pt too wide) in paragraph at lines 564--564
[]$[][]/cmsy10/)$| 
 []


Overfull \hbox (6.95248pt too wide) in paragraph at lines 564--564
[]$/cmsy10/([])$| 
 []


Overfull \hbox (4.33438pt too wide) in paragraph at lines 564--564
[]$/cmsy10/f/cmmi10/x/cmsy10/g$| 
 []


Overfull \hbox (8.19661pt too wide) in paragraph at lines 564--564
[]$/cmr10/]/cmmi10/a; b/cmr10/[$| 
 []


Overfull \hbox (4.73027pt too wide) in paragraph at lines 564--564
[]$/cmsy10/7[][]!$| 
 []


Overfull \hbox (4.73027pt too wide) in paragraph at lines 564--564
[]$[][]/cmsy10/!$| 
 []


Overfull \hbox (9.21799pt too wide) in paragraph at lines 577--578
[]/cmr10/Com+ret:
 []

LaTeX Font Info:    External font `cmex10' loaded for size
(Font)              <14.4> on input line 580.
LaTeX Font Info:    External font `cmex10' loaded for size
(Font)              <12> on input line 580.

Overfull \hbox (3.61911pt too wide) in paragraph at lines 583--583
[]/cmr10/env| 
 []


Overfull \hbox (1.95245pt too wide) in paragraph at lines 583--583
[]$[]$| 
 []


Overfull \hbox (3.60997pt too wide) in paragraph at lines 583--583
[]$[]$| 
 []


Overfull \hbox (11.11914pt too wide) in paragraph at lines 583--583
[]$/cmsy10/n$/cmr10/text| 
 []


Overfull \hbox (8.06357pt too wide) in paragraph at lines 583--583
[]/cmr10/item| 
 []


Overfull \hbox (2.63576pt too wide) in paragraph at lines 583--583
[]$[][]$| 
 []


Overfull \hbox (2.48022pt too wide) in paragraph at lines 586--586
[]$/msbm10/R[]$| 
 []


Overfull \hbox (2.48022pt too wide) in paragraph at lines 586--586
[]$/msbm10/R[]$| 
 []


Overfull \hbox (12.78581pt too wide) in paragraph at lines 586--586
[]/cmr10/textit| 
 []


Overfull \hbox (5.464pt too wide) in paragraph at lines 594--596
[]$[][]$[]| 
 []


Overfull \hbox (9.7858pt too wide) in paragraph at lines 600--600
[]/cmr10/dstyl| 
 []


Overfull \hbox (8.17467pt too wide) in paragraph at lines 600--600
[]/cmr10/sstyl| 
 []


Overfull \hbox (3.16429pt too wide) in paragraph at lines 600--600
[]$[]$| 
 []


Overfull \hbox (9.23022pt too wide) in paragraph at lines 600--600
[]/cmr10/suite| 
 []


Overfull \hbox (8.67468pt too wide) in paragraph at lines 600--600
[]/cmr10/hspa| 
 []


Overfull \hbox (17.2858pt too wide) in paragraph at lines 600--600
[]/cmr10/vspace| 
 []


Overfull \hbox (5.4637pt too wide) in paragraph at lines 600--600
[]$[]$| 
 []


Overfull \hbox (4.33438pt too wide) in paragraph at lines 600--600
[]$/cmsy10/k/cmmi10/x/cmsy10/k$| 
 []


Overfull \hbox (16.56355pt too wide) in paragraph at lines 603--603
[]/cmr10/ssstyle| 
 []


Overfull \hbox (11.89574pt too wide) in paragraph at lines 603--603
[]$/cmr10/()[]$| 
 []


Overfull \hbox (17.78583pt too wide) in paragraph at lines 603--603
[]/cmr10/famille| 
 []


Package amsfonts Warning: Obsolete command \frak; \mathfrak should be used inst
ead on input line 603.

LaTeX Font Info:    Try loading font information for U+euf on input line 603.
(/usr/local/teTeX/share/texmf/tex/latex/amsfonts/ueuf.fd
File: ueuf.fd 2002/01/19 v2.2g AMS font definitions
)
Overfull \hbox (14.73027pt too wide) in paragraph at lines 603--603
[]/cmr10/textbf| 
 []


Overfull \hbox (8.82051pt too wide) in paragraph at lines 603--603
[]$/cmsy10/k/cmmi10/x/cmsy10/k[]$| 
 []


Overfull \hbox (6.5751pt too wide) in paragraph at lines 603--604
[]$[]$| 
 []


Overfull \hbox (7.30777pt too wide) in paragraph at lines 617--617
[]$/cmr10/[ [/cmmi10/ab/cmr10/] ]$| 
 []


Overfull \hbox (5.56357pt too wide) in paragraph at lines 617--617
[]/cmr10/left.| 
 []


Overfull \hbox (12.23024pt too wide) in paragraph at lines 617--617
[]/cmr10/enum| 
 []


Overfull \hbox (18.11916pt too wide) in paragraph at lines 617--617
[]$/cmsy10/n$/cmr10/limits| 
 []


Package amsfonts Warning: Obsolete command \Bbb; \mathbb should be used instead
 on input line 617.


Overfull \hbox (2.52419pt too wide) in paragraph at lines 617--617
[]$[]$| 
 []


Overfull \hbox (24.53584pt too wide) in paragraph at lines 617--617
[]/cmr10/hdotsfor| 
 []


Overfull \hbox (1.95232pt too wide) in paragraph at lines 617--617
[]$[] $| 
 []


Overfull \hbox (4.17468pt too wide) in paragraph at lines 620--620
[]$/cmmi10/<>$| 
 []


Overfull \hbox (6.61926pt too wide) in paragraph at lines 620--620
[]$[]$| 
 []


Overfull \hbox (6.61926pt too wide) in paragraph at lines 620--620
[]$[]$| 
 []


Overfull \hbox (2.52419pt too wide) in paragraph at lines 620--620
[]$[]$| 
 []


Overfull \hbox (57.58307pt too wide) in paragraph at lines 553--625
[] []
 []


Overfull \hbox (56.19081pt too wide) in paragraph at lines 553--625
[]
 []


Overfull \hbox (56.1908pt too wide) in paragraph at lines 553--625
[]
 []


Overfull \hbox (55.79855pt too wide) in paragraph at lines 553--625
[]
 []

[1


















































{/usr/local/teTeX/share/texmf/dvips/config/pdftex.map}{/usr/local/teTeX/share/t
exmf.os/dvips/config/Ttbbold.map}{/usr/local/teTeX/share/texmf.os/dvips/config/
wolfram.map}] ) 
Here is how much of TeX's memory you used:
 2253 strings out of 60917
 27140 string characters out of 1188883
 4068176 words of memory out of 6523533
 5244 multiletter control sequences out of 10000+50000
 14052 words of font info for 60 fonts, out of 500000 for 1000
 54 hyphenation exceptions out of 1000
 27i,22n,24p,448b,282s stack positions out of 1500i,500n,5000p,200000b,5000s
 43 PDF objects out of 300000
 0 named destinations out of 131072
 0 words of extra memory for PDF output out of 65536
</usr/local/teTeX/share/texmf/fonts/type1/bluesky/euler/eufm10.p
fb></usr/local/teTeX/share/texmf/fonts/type1/bluesky/symbols/msbm7.pfb></usr/lo
cal/teTeX/share/texmf/fonts/type1/bluesky/cm/lasy10.pfb></usr/local/teTeX/share
/texmf/fonts/type1/bluesky/cm/cmu10.pfb></usr/local/teTeX/share/texmf/fonts/typ
e1/bluesky/cm/cmsy7.pfb></usr/local/teTeX/share/texmf/fonts/type1/bluesky/symbo
ls/msbm10.pfb></usr/local/teTeX/share/texmf/fonts/type1/bluesky/cm/cmr7.pfb></u
sr/local/teTeX/share/texmf/fonts/type1/bluesky/cm/cmmi7.pfb></usr/local/teTeX/s
hare/texmf/fonts/type1/bluesky/cm/cmex10.pfb></usr/local/teTeX/share/texmf/font
s/type1/bluesky/cm/cmmi5.pfb></usr/local/teTeX/share/texmf/fonts/type1/bluesky/
cm/cmmi10.pfb></usr/local/teTeX/share/texmf/fonts/type1/bluesky/cm/cmsy10.pfb><
/usr/local/teTeX/share/texmf/fonts/type1/bluesky/cm/cmr10.pfb>
Output written on clavier_gen.pdf (1 page, 63705 bytes).
