This is pdfTeX, Version 3.14159-1.00b-pretest-20020211 (Web2C 7.3.7x) (format=pdflatex 2002.8.31)  5 SEP 2002 09:33
**logique
(./logique.tex{/usr/local/teTeX/share/texmf.local/pdftex/config/pdftex.cfg}
LaTeX2e <2001/06/01>
Babel <v3.7h> and hyphenation patterns for american, french, german, ngerman, d
utch, nohyphenation, loaded.
(/usr/local/teTeX/share/texmf/tex/latex/base/article.cls
Document Class: article 2001/04/21 v1.4e Standard LaTeX document class
(/usr/local/teTeX/share/texmf/tex/latex/base/size10.clo
File: size10.clo 2001/04/21 v1.4e Standard LaTeX file (size option)
)
\c@part=\count79
\c@section=\count80
\c@subsection=\count81
\c@subsubsection=\count82
\c@paragraph=\count83
\c@subparagraph=\count84
\c@figure=\count85
\c@table=\count86
\abovecaptionskip=\skip41
\belowcaptionskip=\skip42
\bibindent=\dimen102
)
No auxiliary output files.

(/usr/local/teTeX/share/texmf/tex/latex/graphics/graphicx.sty
Package: graphicx 1999/02/16 v1.0f Enhanced LaTeX Graphics (DPC,SPQR)

(/usr/local/teTeX/share/texmf/tex/latex/graphics/keyval.sty
Package: keyval 1999/03/16 v1.13 key=value parser (DPC)
\KV@toks@=\toks14
)
(/Users/francisd/Library/texmf/tex/latex/UPS/graphics.sty
Package: graphics 1997/06/07 v1.0d Standard LaTeX Graphics (DPC,SPQR)

(/usr/local/teTeX/share/texmf/tex/latex/graphics/trig.sty
Package: trig 1999/03/16 v1.09 sin cos tan (DPC)
)
(/usr/local/teTeX/share/texmf/tex/latex/config/graphics.cfg
File: graphics.cfg 2001/08/31 v1.1 graphics configuration of teTeX/TeXLive
)
Package graphics Info: Driver file: pdftex.def on input line 84.

(/usr/local/teTeX/share/texmf/tex/latex/graphics/pdftex.def
File: pdftex.def 2001/11/29 v0.03i graphics/color for pdftex
\Gread@gobject=\count87
))
\Gin@req@height=\dimen103
\Gin@req@width=\dimen104
)
(/usr/local/teTeX/share/texmf/tex/latex/base/latexsym.sty
Package: latexsym 1998/08/17 v2.2e Standard LaTeX package (lasy symbols)
\symlasy=\mathgroup4
LaTeX Font Info:    Overwriting symbol font `lasy' in version `bold'
(Font)                  U/lasy/m/n --> U/lasy/b/n on input line 42.
)
(/Users/francisd/Library/texmf/tex/latex/UPS/amsmath.sty
Package: amsmath 1997/03/20 v1.2d AMS math features
\@mathmargin=\skip43

(/usr/local/teTeX/share/texmf/tex/latex/amsmath/amstext.sty
Package: amstext 2000/06/29 v2.01

(/usr/local/teTeX/share/texmf/tex/latex/amsmath/amsgen.sty
File: amsgen.sty 1999/11/30 v2.0
\@emptytoks=\toks15
\ex@=\dimen105
))
(/usr/local/teTeX/share/texmf/tex/latex/amsmath/amsbsy.sty
Package: amsbsy 1999/11/29 v1.2d
\pmbraise@=\dimen106
)
(/usr/local/teTeX/share/texmf/tex/latex/amsmath/amsopn.sty
Package: amsopn 1999/12/14 v2.01 operator names
)
LaTeX Info: Redefining \frac on input line 188.
\uproot@=\count88
\leftroot@=\count89
\classnum@=\count90
\DOTSCASE@=\count91
LaTeX Info: Redefining \dots on input line 335.
LaTeX Info: Redefining \ldots on input line 418.
LaTeX Info: Redefining \cdots on input line 422.
\Mathstrutbox@=\box26
\strutbox@=\box27
\big@size=\dimen107
LaTeX Font Info:    Redeclaring font encoding OML on input line 500.
LaTeX Font Info:    Redeclaring font encoding OMS on input line 501.
\skewcharcount@=\count92
\familycount@=\count93
\pointcount@=\count94
\accentdimen@=\dimen108
\accentmu@=\count95
\minaw@=\dimen109
\c@MaxMatrixCols=\count96
\dotsspace@=\muskip10
\c@parentequation=\count97
\dspbrk@lvl=\count98
\tag@help=\toks16
\row@=\count99
\column@=\count100
\maxfields@=\count101
\andhelp@=\toks17
\eqnshift@=\dimen110
\alignsep@=\dimen111
\tagshift@=\dimen112
\tagwidth@=\dimen113
\totwidth@=\dimen114
\lineht@=\dimen115
\@envbody=\toks18
\multlinegap=\skip44
\multlinetaggap=\skip45
)
(/Users/francisd/Library/texmf/tex/latex/UPS/amssymb.sty
Package: amssymb 1996/11/03 v2.2b

(/usr/local/teTeX/share/texmf/tex/latex/amsfonts/amsfonts.sty
Package: amsfonts 2001/10/25 v2.2f
LaTeX Font Info:    Try loading font information for OMX+cmex on input line 76.


(/usr/local/teTeX/share/texmf/tex/latex/base/omxcmex.fd
File: omxcmex.fd 1999/05/25 v2.5h Standard LaTeX font definitions
)
\symAMSa=\mathgroup5
\symAMSb=\mathgroup6
LaTeX Font Info:    Overwriting math alphabet `\mathfrak' in version `bold'
(Font)                  U/euf/m/n --> U/euf/b/n on input line 132.
))
(/usr/local/teTeX/share/texmf/tex/latex/base/graphpap.sty
Package: graphpap 1994/08/09 v1.0c Standard LaTeX graphpap package (LL)
)
(/usr/local/teTeX/share/texmf/tex/latex/graphics/color.sty
Package: color 1999/02/16 v1.0i Standard LaTeX Color (DPC)

(/usr/local/teTeX/share/texmf/tex/latex/config/color.cfg
File: color.cfg 2001/08/31 v1.1 color configuration of teTeX/TeXLive
)
Package color Info: Driver file: pdftex.def on input line 125.

(/usr/local/teTeX/share/texmf/tex/latex/graphics/dvipsnam.def
File: dvipsnam.def 1999/02/16 v3.0i Driver-dependant file (DPC,SPQR)
))
(/usr/local/teTeX/share/texmf/tex/latex/tools/theorem.sty
Package: theorem 1995/11/23 v2.2c Theorem extension package (FMi)
\theorem@style=\toks19
\theorem@bodyfont=\toks20
\theorempreskipamount=\skip46
\theorempostskipamount=\skip47

(/usr/local/teTeX/share/texmf/tex/latex/tools/thp.sty
File: thp.sty 1995/11/23 v2.2c Theorem extension package (FMi)
))
(/usr/local/teTeX/share/texmf/tex/latex/base/alltt.sty
Package: alltt 1997/06/16 v2.0g defines alltt environment
)
(/Users/francisd/Library/texmf/tex/latex/UPS/inputenc.sty beta test version
Package: inputenc 1997/05/10 v0.9z Input encoding file (test version: still lia
ble to change)

(/usr/local/teTeX/share/texmf/tex/latex/base/applemac.def
File: applemac.def 2001/07/10 v0.99a Input encoding file 
))
(/Users/francisd/Library/texmf/tex/latex/UPS/babel.sty
Package: babel 1997/01/23 v3.6h The Babel package

(/usr/local/teTeX/share/texmf/tex/generic/babel/frenchb.ldf
Language: french 2001/09/09 v1.5g French support from the babel system

(/usr/local/teTeX/share/texmf/tex/generic/babel/babel.def
File: babel.def 2001/03/01 v3.7h Babel common definitions
\babel@savecnt=\count102
\U@D=\dimen116
)
Package babel Info: Making : an active character on input line 199.
Package babel Info: Making ; an active character on input line 200.
Package babel Info: Making ! an active character on input line 201.
Package babel Info: Making ? an active character on input line 202.

*************************************
* Local config file frenchb.cfg used
*
(/usr/local/teTeX/share/texmf/tex/generic/babel/frenchb.cfg)))
(/Users/francisd/Library/texmf/tex/latex/symbolesmath.sty)
(/Users/francisd/Library/texmf/tex/latex/gestion_feuille.sty)
(/Users/francisd/Library/texmf/tex/latex/para_perso.sty
\c@exerci_=\count103
)
(/Users/francisd/Library/texmf/tex/latex/camlindenttt.sty
`camlindent' style option.
LaTeX fonts.
Seem to use NFSS... Only defining a few macros.
\camlline=\count104
\@ivbarlength=\skip48
\testbox=\box28
\interphrasesep=\skip49
\interphrasedoublesep=\skip50
\interphrasemedsep=\skip51
\@savedcamlhightab=\dimen117
\camlmargin=\dimen118
)
No file logique.aux.
LaTeX Font Info:    Checking defaults for OML/cmm/m/it on input line 47.
LaTeX Font Info:    ... okay on input line 47.
LaTeX Font Info:    Checking defaults for T1/cmr/m/n on input line 47.
LaTeX Font Info:    ... okay on input line 47.
LaTeX Font Info:    Checking defaults for OT1/cmr/m/n on input line 47.
LaTeX Font Info:    ... okay on input line 47.
LaTeX Font Info:    Checking defaults for OMS/cmsy/m/n on input line 47.
LaTeX Font Info:    ... okay on input line 47.
LaTeX Font Info:    Checking defaults for OMX/cmex/m/n on input line 47.
LaTeX Font Info:    ... okay on input line 47.
LaTeX Font Info:    Checking defaults for U/cmr/m/n on input line 47.
LaTeX Font Info:    ... okay on input line 47.
LaTeX Font Info:    Checking defaults for OT2/wncyr/m/n on input line 47.
LaTeX Font Info:    Try loading font information for OT2+wncyr on input line 47
.
(/usr/local/teTeX/share/texmf/tex/latex/cyrillic/ot2wncyr.fd
File: ot2wncyr.fd 1999/12/17 v3.2a Computer Modern Cyrillic font definitions
)
LaTeX Font Info:    ... okay on input line 47.

(/usr/local/teTeX/share/texmf/tex/context/base/supp-pdf.tex
(/usr/local/teTeX/share/texmf/tex/context/base/supp-mis.tex
loading : Context Support Macros / Missing
\protectiondepth=\count105
\scratchcounter=\count106
\scratchtoks=\toks21
\scratchdimen=\dimen119
\scratchskip=\skip52
\scratchmuskip=\muskip11
\scratchbox=\box29
\scratchread=\read1
\scratchwrite=\write3
\zeropoint=\dimen120
\nextbox=\box30
\nextdepth=\dimen121
\everyline=\toks22
\!!counta=\count107
\!!countb=\count108
\recursecounter=\count109
)
loading : Context Support Macros / PDF
\nofMPsegments=\count110
\nofMParguments=\count111
\everyMPtoPDFconversion=\toks23
)
LaTeX Info: Redefining \dots on input line 47.
LaTeX Font Info:    External font `cmex10' loaded for size
(Font)              <10> on input line 49.
LaTeX Font Info:    External font `cmex10' loaded for size
(Font)              <7> on input line 49.
LaTeX Font Info:    External font `cmex10' loaded for size
(Font)              <5> on input line 49.
LaTeX Font Info:    Try loading font information for U+lasy on input line 49.
 (/usr/local/teTeX/share/texmf/tex/latex/base/ulasy.fd
File: ulasy.fd 1998/08/17 v2.2e LaTeX symbol font definitions
)
LaTeX Font Info:    Try loading font information for U+msa on input line 49.

(/usr/local/teTeX/share/texmf/tex/latex/amsfonts/umsa.fd
File: umsa.fd 2002/01/19 v2.2g AMS font definitions
)
LaTeX Font Info:    Try loading font information for U+msb on input line 49.

(/usr/local/teTeX/share/texmf/tex/latex/amsfonts/umsb.fd
File: umsb.fd 2002/01/19 v2.2g AMS font definitions
)
Overfull \hbox (2.0005pt too wide) in paragraph at lines 49--73
[][] 
 []

[1

{/usr/local/teTeX/share/texmf/dvips/config/pdftex.map}{/usr/local/teTeX/share/t
exmf.os/dvips/config/Ttbbold.map}{/usr/local/teTeX/share/texmf.os/dvips/config/
wolfram.map}] ) 
Here is how much of TeX's memory you used:
 2820 strings out of 60917
 34590 string characters out of 1188883
 4087444 words of memory out of 6542801
 5776 multiletter control sequences out of 10000+50000
 5203 words of font info for 23 fonts, out of 500000 for 1000
 54 hyphenation exceptions out of 1000
 27i,7n,24p,228b,178s stack positions out of 1500i,500n,5000p,200000b,5000s
 7 PDF objects out of 300000
 0 named destinations out of 131072
 0 words of extra memory for PDF output out of 65536
</usr/local/teTeX/share/texmf/fonts/type1/bluesky/cm/cmr10.pfb>
Output written on logique.pdf (1 page, 14112 bytes).
