This is e-TeX, Version 3.14159-2.1 (Web2C 7.4.5) (format=latex 2003.5.27)  4 SEP 2003 18:07
entering extended mode
**marvosym.tex
(./marvosym.tex
LaTeX2e <2001/06/01>
Babel <v3.7h> and hyphenation patterns for american, british, french, nohyphena
tion, loaded.
(/usr/local/teTeX/share/texmf.tetex/tex/latex/base/article.cls
Document Class: article 2001/04/21 v1.4e Standard LaTeX document class
(/usr/local/teTeX/share/texmf.tetex/tex/latex/base/size12.clo
File: size12.clo 2001/04/21 v1.4e Standard LaTeX file (size option)
)
\c@part=\count79
\c@section=\count80
\c@subsection=\count81
\c@subsubsection=\count82
\c@paragraph=\count83
\c@subparagraph=\count84
\c@figure=\count85
\c@table=\count86
\abovecaptionskip=\skip41
\belowcaptionskip=\skip42
\bibindent=\dimen102
)
(/usr/local/teTeX/share/texmf.tetex/tex/latex/misc/marvosym.sty
Package: marvosym 2000/05/01 v2.0 Martin Vogel's Symbols font definitions
)
(./marvosym.aux)
\openout1 = `marvosym.aux'.

LaTeX Font Info:    Checking defaults for OML/cmm/m/it on input line 3.
LaTeX Font Info:    ... okay on input line 3.
LaTeX Font Info:    Checking defaults for T1/cmr/m/n on input line 3.
LaTeX Font Info:    ... okay on input line 3.
LaTeX Font Info:    Checking defaults for OT1/cmr/m/n on input line 3.
LaTeX Font Info:    ... okay on input line 3.
LaTeX Font Info:    Checking defaults for OMS/cmsy/m/n on input line 3.
LaTeX Font Info:    ... okay on input line 3.
LaTeX Font Info:    Checking defaults for OMX/cmex/m/n on input line 3.
LaTeX Font Info:    ... okay on input line 3.
LaTeX Font Info:    Checking defaults for U/cmr/m/n on input line 3.
LaTeX Font Info:    ... okay on input line 3.
LaTeX Font Info:    External font `cmex10' loaded for size
(Font)              <12> on input line 4.
LaTeX Font Info:    External font `cmex10' loaded for size
(Font)              <8> on input line 4.
LaTeX Font Info:    External font `cmex10' loaded for size
(Font)              <6> on input line 4.

! Undefined control sequence.
l.8 \MVAt&\MVA
              &\MVp&\FHBOlogo&\FHBOLOGO&\Industry\\\hline
? 
! Emergency stop.
l.8 \MVAt&\MVA
              &\MVp&\FHBOlogo&\FHBOLOGO&\Industry\\\hline
End of file on the terminal!

 
Here is how much of TeX's memory you used:
 414 strings out of 95730
 4031 string characters out of 1193416
 47772 words of memory out of 1000001
 3483 multiletter control sequences out of 10000+50000
 6793 words of font info for 24 fonts, out of 500000 for 1000
 22 hyphenation exceptions out of 1000
 22i,6n,19p,139b,127s stack positions out of 1500i,500n,5000p,200000b,5000s
No pages of output.
